<?xml version="1.0" encoding="UTF-8"?>
<!-- Generated by org.testng.reporters.JUnitReportReporter -->
<testsuite hostname="DESKTOP-7OGS9KI" failures="0" tests="1" name="testCases.TC002_LoginTest" time="3.845" errors="0" timestamp="2024-09-29T13:54:57 IST" skipped="0">
  <testcase classname="testCases.TC002_LoginTest" name="verify_login" time="3.845"/>
</testsuite> <!-- testCases.TC002_LoginTest -->
